# JRE version: OpenJDK Runtime Environment (8.0_242-b01) (build 1.8.0_242-release-1644-b01)
# Java VM: OpenJDK 64-Bit Server VM (25.242-b01 mixed mode windows-amd64 compressed oops)
Heap:
 PSYoungGen      total 554496K, used 189062K [0x00000000d5580000, 0x00000000fe180000, 0x0000000100000000)
  eden space 521728K, 36% used [0x00000000d5580000,0x00000000e0e21918,0x00000000f5300000)
  from space 32768K, 0% used [0x00000000f5300000,0x00000000f5300000,0x00000000f7300000)
  to   space 46592K, 0% used [0x00000000fb400000,0x00000000fb400000,0x00000000fe180000)
 ParOldGen       total 207872K, used 99693K [0x0000000080000000, 0x000000008cb00000, 0x00000000d5580000)
  object space 207872K, 47% used [0x0000000080000000,0x000000008615b460,0x000000008cb00000)
 Metaspace       used 96324K, capacity 101130K, committed 102424K, reserved 1138688K
  class space    used 12657K, capacity 13562K, committed 13872K, reserved 1048576K
GC Heap History (10 events):
Event: 59.001 GC heap before
{Heap before GC invocations=23 (full 3):
 PSYoungGen      total 444928K, used 444920K [0x00000000d5580000, 0x00000000f5800000, 0x0000000100000000)
  eden space 422400K, 100% used [0x00000000d5580000,0x00000000ef200000,0x00000000ef200000)
  from space 22528K, 99% used [0x00000000ef200000,0x00000000f07fe130,0x00000000f0800000)
  to   space 26112K, 0% used [0x00000000f3e80000,0x00000000f3e80000,0x00000000f5800000)
 ParOldGen       total 107520K, used 49357K [0x0000000080000000, 0x0000000086900000, 0x00000000d5580000)
  object space 107520K, 45% used [0x0000000080000000,0x0000000083033458,0x0000000086900000)
 Metaspace       used 76479K, capacity 80078K, committed 80280K, reserved 1118208K
  class space    used 10214K, capacity 10923K, committed 10928K, reserved 1048576K
Event: 59.032 GC heap after
Heap after GC invocations=23 (full 3):
 PSYoungGen      total 499712K, used 17356K [0x00000000d5580000, 0x00000000f5c00000, 0x0000000100000000)
  eden space 473600K, 0% used [0x00000000d5580000,0x00000000d5580000,0x00000000f2400000)
  from space 26112K, 66% used [0x00000000f3e80000,0x00000000f4f730d8,0x00000000f5800000)
  to   space 27136K, 0% used [0x00000000f2400000,0x00000000f2400000,0x00000000f3e80000)
 ParOldGen       total 107520K, used 50525K [0x0000000080000000, 0x0000000086900000, 0x00000000d5580000)
  object space 107520K, 46% used [0x0000000080000000,0x0000000083157458,0x0000000086900000)
 Metaspace       used 76479K, capacity 80078K, committed 80280K, reserved 1118208K
  class space    used 10214K, capacity 10923K, committed 10928K, reserved 1048576K
}
Event: 66.418 GC heap before
{Heap before GC invocations=24 (full 3):
 PSYoungGen      total 499712K, used 490956K [0x00000000d5580000, 0x00000000f5c00000, 0x0000000100000000)
  eden space 473600K, 100% used [0x00000000d5580000,0x00000000f2400000,0x00000000f2400000)
  from space 26112K, 66% used [0x00000000f3e80000,0x00000000f4f730d8,0x00000000f5800000)
  to   space 27136K, 0% used [0x00000000f2400000,0x00000000f2400000,0x00000000f3e80000)
 ParOldGen       total 107520K, used 50525K [0x0000000080000000, 0x0000000086900000, 0x00000000d5580000)
  object space 107520K, 46% used [0x0000000080000000,0x0000000083157458,0x0000000086900000)
 Metaspace       used 77699K, capacity 81518K, committed 81816K, reserved 1120256K
  class space    used 10370K, capacity 11079K, committed 11184K, reserved 1048576K
Event: 66.508 GC heap after
Heap after GC invocations=24 (full 3):
 PSYoungGen      total 500736K, used 26343K [0x00000000d5580000, 0x00000000f9800000, 0x0000000100000000)
  eden space 473600K, 0% used [0x00000000d5580000,0x00000000d5580000,0x00000000f2400000)
  from space 27136K, 97% used [0x00000000f2400000,0x00000000f3db9cb0,0x00000000f3e80000)
  to   space 31232K, 0% used [0x00000000f7980000,0x00000000f7980000,0x00000000f9800000)
 ParOldGen       total 107520K, used 50533K [0x0000000080000000, 0x0000000086900000, 0x00000000d5580000)
  object space 107520K, 46% used [0x0000000080000000,0x0000000083159458,0x0000000086900000)
 Metaspace       used 77699K, capacity 81518K, committed 81816K, reserved 1120256K
  class space    used 10370K, capacity 11079K, committed 11184K, reserved 1048576K
}
Event: 80.789 GC heap before
{Heap before GC invocations=25 (full 3):
 PSYoungGen      total 500736K, used 499943K [0x00000000d5580000, 0x00000000f9800000, 0x0000000100000000)
  eden space 473600K, 100% used [0x00000000d5580000,0x00000000f2400000,0x00000000f2400000)
  from space 27136K, 97% used [0x00000000f2400000,0x00000000f3db9cb0,0x00000000f3e80000)
  to   space 31232K, 0% used [0x00000000f7980000,0x00000000f7980000,0x00000000f9800000)
 ParOldGen       total 107520K, used 50541K [0x0000000080000000, 0x0000000086900000, 0x00000000d5580000)
  object space 107520K, 47% used [0x0000000080000000,0x000000008315b6a8,0x0000000086900000)
 Metaspace       used 79319K, capacity 83236K, committed 83480K, reserved 1122304K
  class space    used 10537K, capacity 11276K, committed 11312K, reserved 1048576K
Event: 80.852 GC heap after
Heap after GC invocations=25 (full 3):
 PSYoungGen      total 547840K, used 22258K [0x00000000d5580000, 0x00000000f9300000, 0x0000000100000000)
  eden space 521728K, 0% used [0x00000000d5580000,0x00000000d5580000,0x00000000f5300000)
  from space 26112K, 85% used [0x00000000f7980000,0x00000000f8f3c920,0x00000000f9300000)
  to   space 32768K, 0% used [0x00000000f5300000,0x00000000f5300000,0x00000000f7300000)
 ParOldGen       total 107520K, used 50549K [0x0000000080000000, 0x0000000086900000, 0x00000000d5580000)
  object space 107520K, 47% used [0x0000000080000000,0x000000008315d6a8,0x0000000086900000)
 Metaspace       used 79319K, capacity 83236K, committed 83480K, reserved 1122304K
  class space    used 10537K, capacity 11276K, committed 11312K, reserved 1048576K
}
Event: 90.941 GC heap before
{Heap before GC invocations=26 (full 3):
 PSYoungGen      total 547840K, used 374859K [0x00000000d5580000, 0x00000000f9300000, 0x0000000100000000)
  eden space 521728K, 67% used [0x00000000d5580000,0x00000000eadd66d0,0x00000000f5300000)
  from space 26112K, 85% used [0x00000000f7980000,0x00000000f8f3c920,0x00000000f9300000)
  to   space 32768K, 0% used [0x00000000f5300000,0x00000000f5300000,0x00000000f7300000)
 ParOldGen       total 107520K, used 50549K [0x0000000080000000, 0x0000000086900000, 0x00000000d5580000)
  object space 107520K, 47% used [0x0000000080000000,0x000000008315d6a8,0x0000000086900000)
 Metaspace       used 93056K, capacity 98598K, committed 98600K, reserved 1134592K
  class space    used 12465K, capacity 13486K, committed 13488K, reserved 1048576K
Event: 91.088 GC heap after
Heap after GC invocations=26 (full 3):
 PSYoungGen      total 554496K, used 32757K [0x00000000d5580000, 0x00000000fe180000, 0x0000000100000000)
  eden space 521728K, 0% used [0x00000000d5580000,0x00000000d5580000,0x00000000f5300000)
  from space 32768K, 99% used [0x00000000f5300000,0x00000000f72fd640,0x00000000f7300000)
  to   space 46592K, 0% used [0x00000000fb400000,0x00000000fb400000,0x00000000fe180000)
 ParOldGen       total 107520K, used 73124K [0x0000000080000000, 0x0000000086900000, 0x00000000d5580000)
  object space 107520K, 68% used [0x0000000080000000,0x0000000084769100,0x0000000086900000)
 Metaspace       used 93056K, capacity 98598K, committed 98600K, reserved 1134592K
  class space    used 12465K, capacity 13486K, committed 13488K, reserved 1048576K
}
Event: 91.088 GC heap before
{Heap before GC invocations=27 (full 4):
 PSYoungGen      total 554496K, used 32757K [0x00000000d5580000, 0x00000000fe180000, 0x0000000100000000)
  eden space 521728K, 0% used [0x00000000d5580000,0x00000000d5580000,0x00000000f5300000)
  from space 32768K, 99% used [0x00000000f5300000,0x00000000f72fd640,0x00000000f7300000)
  to   space 46592K, 0% used [0x00000000fb400000,0x00000000fb400000,0x00000000fe180000)
 ParOldGen       total 107520K, used 73124K [0x0000000080000000, 0x0000000086900000, 0x00000000d5580000)
  object space 107520K, 68% used [0x0000000080000000,0x0000000084769100,0x0000000086900000)
 Metaspace       used 93056K, capacity 98598K, committed 98600K, reserved 1134592K
  class space    used 12465K, capacity 13486K, committed 13488K, reserved 1048576K
Event: 94.077 GC heap after
Heap after GC invocations=27 (full 4):
 PSYoungGen      total 554496K, used 0K [0x00000000d5580000, 0x00000000fe180000, 0x0000000100000000)
  eden space 521728K, 0% used [0x00000000d5580000,0x00000000d5580000,0x00000000f5300000)
  from space 32768K, 0% used [0x00000000f5300000,0x00000000f5300000,0x00000000f7300000)
  to   space 46592K, 0% used [0x00000000fb400000,0x00000000fb400000,0x00000000fe180000)
 ParOldGen       total 207872K, used 99693K [0x0000000080000000, 0x000000008cb00000, 0x00000000d5580000)
  object space 207872K, 47% used [0x0000000080000000,0x000000008615b460,0x000000008cb00000)
 Metaspace       used 92098K, capacity 96122K, committed 98600K, reserved 1134592K
  class space    used 12137K, capacity 12898K, committed 13488K, reserved 1048576K
}

